c:\users\tohdj\documents\2021_2022_sem2\dm2234 3dgc\teaching materials\week_02\practical\nyp_framework_week02_solution\app\release\vc142.pdb
c:\users\tohdj\documents\2021_2022_sem2\dm2234 3dgc\teaching materials\week_02\practical\nyp_framework_week02_solution\app\release\player3d.obj
c:\users\tohdj\documents\2021_2022_sem2\dm2234 3dgc\teaching materials\week_02\practical\nyp_framework_week02_solution\app\release\camera.obj
c:\users\tohdj\documents\2021_2022_sem2\dm2234 3dgc\teaching materials\week_02\practical\nyp_framework_week02_solution\app\release\scene2d.obj
c:\users\tohdj\documents\2021_2022_sem2\dm2234 3dgc\teaching materials\week_02\practical\nyp_framework_week02_solution\app\release\player2d.obj
c:\users\tohdj\documents\2021_2022_sem2\dm2234 3dgc\teaching materials\week_02\practical\nyp_framework_week02_solution\app\release\physics2d.obj
c:\users\tohdj\documents\2021_2022_sem2\dm2234 3dgc\teaching materials\week_02\practical\nyp_framework_week02_solution\app\release\map2d.obj
c:\users\tohdj\documents\2021_2022_sem2\dm2234 3dgc\teaching materials\week_02\practical\nyp_framework_week02_solution\app\release\inventorymanager.obj
c:\users\tohdj\documents\2021_2022_sem2\dm2234 3dgc\teaching materials\week_02\practical\nyp_framework_week02_solution\app\release\inventoryitem.obj
c:\users\tohdj\documents\2021_2022_sem2\dm2234 3dgc\teaching materials\week_02\practical\nyp_framework_week02_solution\app\release\gui_scene2d.obj
c:\users\tohdj\documents\2021_2022_sem2\dm2234 3dgc\teaching materials\week_02\practical\nyp_framework_week02_solution\app\release\gamemanager.obj
c:\users\tohdj\documents\2021_2022_sem2\dm2234 3dgc\teaching materials\week_02\practical\nyp_framework_week02_solution\app\release\enemy2d.obj
c:\users\tohdj\documents\2021_2022_sem2\dm2234 3dgc\teaching materials\week_02\practical\nyp_framework_week02_solution\app\release\backgroundentity.obj
c:\users\tohdj\documents\2021_2022_sem2\dm2234 3dgc\teaching materials\week_02\practical\nyp_framework_week02_solution\app\release\main.obj
c:\users\tohdj\documents\2021_2022_sem2\dm2234 3dgc\teaching materials\week_02\practical\nyp_framework_week02_solution\app\release\playgamestate.obj
c:\users\tohdj\documents\2021_2022_sem2\dm2234 3dgc\teaching materials\week_02\practical\nyp_framework_week02_solution\app\release\play3dgamestate.obj
c:\users\tohdj\documents\2021_2022_sem2\dm2234 3dgc\teaching materials\week_02\practical\nyp_framework_week02_solution\app\release\pausestate.obj
c:\users\tohdj\documents\2021_2022_sem2\dm2234 3dgc\teaching materials\week_02\practical\nyp_framework_week02_solution\app\release\menustate.obj
c:\users\tohdj\documents\2021_2022_sem2\dm2234 3dgc\teaching materials\week_02\practical\nyp_framework_week02_solution\app\release\introstate.obj
c:\users\tohdj\documents\2021_2022_sem2\dm2234 3dgc\teaching materials\week_02\practical\nyp_framework_week02_solution\app\release\gamestatemanager.obj
c:\users\tohdj\documents\2021_2022_sem2\dm2234 3dgc\teaching materials\week_02\practical\nyp_framework_week02_solution\app\release\application.obj
c:\users\tohdj\documents\2021_2022_sem2\dm2234 3dgc\teaching materials\week_02\practical\nyp_framework_week02_solution\app\release\soundinfo.obj
c:\users\tohdj\documents\2021_2022_sem2\dm2234 3dgc\teaching materials\week_02\practical\nyp_framework_week02_solution\app\release\soundcontroller.obj
c:\users\tohdj\documents\2021_2022_sem2\dm2234 3dgc\teaching materials\week_02\practical\nyp_framework_week02_solution\app\release\weaponinfo.obj
c:\users\tohdj\documents\2021_2022_sem2\dm2234 3dgc\teaching materials\week_02\practical\nyp_framework_week02_solution\app\release\projectilemanager.obj
c:\users\tohdj\documents\2021_2022_sem2\dm2234 3dgc\teaching materials\week_02\practical\nyp_framework_week02_solution\app\release\projectile.obj
c:\users\tohdj\documents\2021_2022_sem2\dm2234 3dgc\teaching materials\week_02\practical\nyp_framework_week02_solution\app\release\pistol.obj
c:\users\tohdj\documents\2021_2022_sem2\dm2234 3dgc\teaching materials\week_02\practical\nyp_framework_week02_solution\app\release\vertexbufferobject.obj
c:\users\tohdj\documents\2021_2022_sem2\dm2234 3dgc\teaching materials\week_02\practical\nyp_framework_week02_solution\app\release\texture.obj
c:\users\tohdj\documents\2021_2022_sem2\dm2234 3dgc\teaching materials\week_02\practical\nyp_framework_week02_solution\app\release\terrain.obj
c:\users\tohdj\documents\2021_2022_sem2\dm2234 3dgc\teaching materials\week_02\practical\nyp_framework_week02_solution\app\release\skybox.obj
c:\users\tohdj\documents\2021_2022_sem2\dm2234 3dgc\teaching materials\week_02\practical\nyp_framework_week02_solution\app\release\scene3d.obj
c:\users\tohdj\documents\2021_2022_sem2\dm2234 3dgc\teaching materials\week_02\practical\nyp_framework_week02_solution\app\release\physics3d.obj
c:\users\tohdj\documents\2021_2022_sem2\dm2234 3dgc\teaching materials\week_02\practical\nyp_framework_week02_solution\app\release\solidobject.obj
c:\users\tohdj\documents\2021_2022_sem2\dm2234 3dgc\teaching materials\week_02\practical\nyp_framework_week02_solution\app\release\solidobjectmanager.obj
c:\users\tohdj\documents\2021_2022_sem2\dm2234 3dgc\teaching materials\week_02\practical\nyp_framework_week02_solution\release\app.exe
c:\users\tohdj\documents\2021_2022_sem2\dm2234 3dgc\teaching materials\week_02\practical\nyp_framework_week02_solution\app\release\app.ipdb
c:\users\tohdj\documents\2021_2022_sem2\dm2234 3dgc\teaching materials\week_02\practical\nyp_framework_week02_solution\app\release\app.iobj
c:\users\tohdj\documents\2021_2022_sem2\dm2234 3dgc\teaching materials\week_02\practical\nyp_framework_week02_solution\release\app.pdb
c:\users\tohdj\documents\2021_2022_sem2\dm2234 3dgc\teaching materials\week_02\practical\nyp_framework_week02_solution\app\release\app.tlog\cl.command.1.tlog
c:\users\tohdj\documents\2021_2022_sem2\dm2234 3dgc\teaching materials\week_02\practical\nyp_framework_week02_solution\app\release\app.tlog\cl.read.1.tlog
c:\users\tohdj\documents\2021_2022_sem2\dm2234 3dgc\teaching materials\week_02\practical\nyp_framework_week02_solution\app\release\app.tlog\cl.write.1.tlog
c:\users\tohdj\documents\2021_2022_sem2\dm2234 3dgc\teaching materials\week_02\practical\nyp_framework_week02_solution\app\release\app.tlog\link.command.1.tlog
c:\users\tohdj\documents\2021_2022_sem2\dm2234 3dgc\teaching materials\week_02\practical\nyp_framework_week02_solution\app\release\app.tlog\link.read.1.tlog
c:\users\tohdj\documents\2021_2022_sem2\dm2234 3dgc\teaching materials\week_02\practical\nyp_framework_week02_solution\app\release\app.tlog\link.write.1.tlog
